1597120904182	geckodriver	INFO	Listening on 127.0.0.1:50145
1597120907309	mozrunner::runner	INFO	Running command: "C:\\Program Files\\Mozilla Firefox\\firefox.exe" "--marionette" "-foreground" "-no-remote" "-profile" "C:\\Users\\andre\\AppData\\Local\\Temp\\rust_mozprofileZIFDUo"
JavaScript error: resource://gre/modules/XULStore.jsm, line 66: Error: Can't find profile directory.
1597120914241	Marionette	INFO	Listening on port 50153
1597120914310	Marionette	WARN	TLS certificate errors will be ignored for this session
[Child 2132, MediaDecoderStateMachine #1] WARNING: Decoder=20c2ceab800 Decode error: NS_ERROR_DOM_MEDIA_FATAL_ERR (0x806e0005) - RefPtr<MediaSourceTrackDemuxer::SamplesPromise> __cdecl mozilla::MediaSourceTrackDemuxer::DoGetSamples(int32_t): manager is detached.: file /builds/worker/checkouts/gecko/dom/media/MediaDecoderStateMachine.cpp, line 3470
[Child 2132, MediaDecoderStateMachine #1] WARNING: Decoder=20c2ceab800 Decode error: NS_ERROR_DOM_MEDIA_FATAL_ERR (0x806e0005) - RefPtr<MediaSourceTrackDemuxer::SamplesPromise> __cdecl mozilla::MediaSourceTrackDemuxer::DoGetSamples(int32_t): manager is detached.: file /builds/worker/checkouts/gecko/dom/media/MediaDecoderStateMachine.cpp, line 3470
[Child 2132, MediaDecoderStateMachine #1] WARNING: Decoder=20c203a9000 Decode error: NS_ERROR_DOM_MEDIA_FATAL_ERR (0x806e0005) - RefPtr<MediaSourceTrackDemuxer::SamplesPromise> __cdecl mozilla::MediaSourceTrackDemuxer::DoGetSamples(int32_t): manager is detached.: file /builds/worker/checkouts/gecko/dom/media/MediaDecoderStateMachine.cpp, line 3470
[Child 2132, MediaDecoderStateMachine #1] WARNING: Decoder=20c28a81c00 Decode error: NS_ERROR_DOM_MEDIA_FATAL_ERR (0x806e0005) - RefPtr<MediaSourceTrackDemuxer::SamplesPromise> __cdecl mozilla::MediaSourceTrackDemuxer::DoGetSamples(int32_t): manager is detached.: file /builds/worker/checkouts/gecko/dom/media/MediaDecoderStateMachine.cpp, line 3470
[Child 2132, MediaDecoderStateMachine #1] WARNING: Decoder=20c283a0000 Decode error: NS_ERROR_DOM_MEDIA_FATAL_ERR (0x806e0005) - RefPtr<MediaSourceTrackDemuxer::SamplesPromise> __cdecl mozilla::MediaSourceTrackDemuxer::DoGetSamples(int32_t): manager is detached.: file /builds/worker/checkouts/gecko/dom/media/MediaDecoderStateMachine.cpp, line 3470
[Child 2132, MediaDecoderStateMachine #1] WARNING: Decoder=20c29926400 Decode error: NS_ERROR_DOM_MEDIA_FATAL_ERR (0x806e0005) - RefPtr<MediaSourceTrackDemuxer::SamplesPromise> __cdecl mozilla::MediaSourceTrackDemuxer::DoGetSamples(int32_t): manager is detached.: file /builds/worker/checkouts/gecko/dom/media/MediaDecoderStateMachine.cpp, line 3470
[Child 2132, MediaDecoderStateMachine #1] WARNING: Decoder=20c283a0000 Decode error: NS_ERROR_DOM_MEDIA_FATAL_ERR (0x806e0005) - RefPtr<MediaSourceTrackDemuxer::SamplesPromise> __cdecl mozilla::MediaSourceTrackDemuxer::DoGetSamples(int32_t): manager is detached.: file /builds/worker/checkouts/gecko/dom/media/MediaDecoderStateMachine.cpp, line 3470
[Child 2132, MediaDecoderStateMachine #1] WARNING: Decoder=20c283a0000 Decode error: NS_ERROR_DOM_MEDIA_FATAL_ERR (0x806e0005) - RefPtr<MediaSourceTrackDemuxer::SamplesPromis[Child 9640, MediaDecoderStateMachine #1] WARNING: Decoder=2740cfcf400 Decode error: NS_ERROR_DOM_MEDIA_FATAL_ERR (0x806e0005) - RefPtr<MediaSourceTrackDemuxer::SamplesPromise> __cdecl mozilla::MediaSourceTrackDemuxer::DoGetSamples(int32_t): manager is detached.: file /builds/worker/checkouts/gecko/dom/media/MediaDecoderStateMachine.cpp, line 3470
[Child 9640, MediaDecoderStateMachine #1] WARNING: Decoder=2740cfcf400 Decode error: NS_ERROR_DOM_MEDIA_FATAL_ERR (0x806e0005) - RefPtr<MediaSourceTrackDemuxer::SamplesPromise> __cdecl mozilla::MediaSourceTrackDemuxer::DoGetSamples(int32_t): manager is detached.: file /builds/worker/checkouts/gecko/dom/media/MediaDecoderStateMachine.cpp, line 3470
[Child 9640, MediaDecoderStateMachine #1] WARNING: Decoder=2740cfcf400 Decode error: NS_ERROR_DOM_MEDIA_FATAL_ERR (0x806e0005) - RefPtr<MediaSourceTrackDemuxer::SamplesPromise> __cdecl mozilla::MediaSourceTrackDemuxer::DoGetSamples(int32_t): manager is detached.: file /builds/worker/checkouts/gecko/dom/media/MediaDecoderStateMachine.cpp, line 3470

###!!! [Child][MessageChannel] Error: (msgtype=0x5A000D,name=
###!!! [Child][MessageChannel::SendAndWait] Error: Channel error: cannot send/recv

 be lost


###!!! [Child][MessageChannel] Error: (msgtype=0x5A000D,name=PHttpChannel::Msg_DeletingChannel) Channel closing: too late to send/recv, messages will be lost


###!!! [Child][RunMessage] Error: Channel closing: too late to send/recv, messages will be lost


###!!! [Child][RunMessage] Error: Channel closing: too late to send/recv, messages will be lost


###!!! [Child][RunMessage] Error: Channel closing: too late to send/recv, messages will be lost


###!!! [Child][RunMessage] Error: Channel closing: too late to send/recv, messages will be lost

1597121195020	Marionette	INFO	Stopped listening on port 50440

###!!! [Child][MessageChannel::SendAndWait] Error: Channel error: cannot send/recv

 port 50153

###!!! [Child][MessageChannel::SendAndWait] Error: Channel error: cannot send/recv

1597121274221	geckodriver	INFO	Listening on 127.0.0.1:50853
1597121277314	mozrunner::runner	INFO	Running command: "C:\\Program Files\\Mozilla Firefox\\firefox.exe" "--marionette" "-foreground" "-no-remote" "-profile" "C:\\Users\\andre\\AppData\\Local\\Temp\\rust_mozprofile0ARM11"
JavaScript error: resource://gre/modules/XULStore.jsm, line 66: Error: Can't find profile directory.
1597121280864	Marionette	INFO	Listening on port 50863
1597121281013	Marionette	WARN	TLS certificate errors will be ignored for this session
console.error: "Store does not have a valid reducer. Make sure the argument passed to combineReducers is an object whose values are reducers."
SourceActor threw an exception: [Exception... "Component returned failure code: 0x80470002 (NS_BASE_STREAM_CLOSED) [nsIInputStream.available]"  nsresult: "0x80470002 (NS_BASE_STREAM_CLOSED)"  location: "JS frame :: resource://devtools/shared/DevToolsUtils.js :: onResponse :: line 558"  data: no]
Stack: onResponse@resource://devtools/shared/DevToolsUtils.js:558:34
onStopRequest@resource://gre/modules/NetUtil.jsm:128:18
Line: 558, column: 0
console.error: ({})
SourceActor threw an exception: [Exception... "Component returned failure code: 0x80470002 (NS_BASE_STREAM_CLOSED) [nsIInputStream.available]"  nsresult: "0x80470002 (NS_BASE_STREAM_CLOSED)"  location: "JS frame :: resource://devtools/shared/DevToolsUtils.js :: onResponse :: line 558"  data: no]
Stack: onResponse@resource://devtools/shared/DevToolsUtils.js:558:34
onStopRequest@resource://gre/modules/NetUtil.jsm:128:18
Line: 558, column: 0
console.error: ({})
SourceActor threw an exception: [Exception... "Component returned failure code: 0x80470002 (NS_BASE_STREAM_CLOSED) [nsIInputStream.available]"  nsresult: "0x80470002 (NS_BASE_STREAM_CLOSED)"  location: "JS frame :: resource://devtools/shared/DevToolsUtils.js :: onResponse :: line 558"  data: no]
Stack: onResponse@resource://devtools/shared/DevToolsUtils.js:558:34
onStopRequest@resource://gre/modules/NetUtil.jsm:128:18
Line: 558, column: 0
console.error: ({})
JavaScript error: resource://devtools/shared/DevToolsUtils.js, line 558: NS_BASE_STREAM_CLOSED: Component returned failure code: 0x80470002 (NS_BASE_STREAM_CLOSED) [nsIInputStream.available]
JavaScript error: resource://devtools/shared/DevToolsUtils.js, line 558: NS_BASE_STREAM_CLOSED: Component returned failure code: 0x80470002 (NS_BASE_STREAM_CLOSED) [nsIInputStream.available]
JavaScript error: resource://devtools/shared/DevToolsUtils.js, line 558: NS_BASE_STREAM_CLOSED: Component returned failure code: 0x80470002 (NS_BASE_STREAM_CLOSED) [nsIInputStream.available]
[Child 8968, MediaDecoderStateMachine #1] WARNING: Decoder=1c34e35c400 Decode error: NS_ERROR_DOM_MEDIA_FATAL_ERR (0x806e0005) - RefPtr<MediaSourceTrackDemuxer::SamplesPromise> __cdecl mozilla::MediaSourceTrackDemuxer::DoGetSamples(int32_t): manager is detached.: file /builds/worker/checkouts/gecko/dom/media/MediaDecoderStateMachine.cpp, line 3470
[Child 8968, MediaDecoderStateMachine #1] WARNING: Decoder=1c34e35c400 Decode error: NS_ERROR_DOM_MEDIA_FATAL_ERR (0x806e0005) - RefPtr<MediaSourceTrackDemuxer::SamplesPromise> __cdecl mozilla::MediaSourceTrackDemuxer::DoGetSamples(int32_t): manager is detached.: file /builds/worker/checkouts/gecko/dom/media/MediaDecoderStateMachine.cpp, line 3470
[Child 8968, MediaDecoderStateMachine #1] WARNING: Decoder=1c344f6cc00 Decode error: NS_ERROR_DOM_MEDIA_FATAL_ERR (0x806e0005) - RefPtr<MediaSourceTrackDemuxer::SamplesPromise> __cdecl mozilla::MediaSourceTrackDemuxer::DoGetSamples(int32_t): manager is detached.: file /builds/worker/checkouts/gecko/dom/media/MediaDecoderStateMachine.cpp, line 3470
console.error: "Error while calling actor 'layout's method 'getGrids'" "node is null"
console.error: "getGrids@resource://devtools/server/actors/layout.js:502:26\ngetGrids@resource://devtools/server/actors/layout.js:507:43\ngetGrids@resource://devtools/server/actors/layout.js:507:43\ngetGrids@resource://devtools/server/actors/layout.js:507:43\nhandler@resource://devtools/shared/protocol/Actor.js:162:37\nonPacket@resource://devtools/server/devtools-server-connection.js:380:58\nreceiveMessage@resource://devtools/shared/transport/child-transport.js:66:16\n"
[Child 8968, MediaDecoderStateMachine #1] WARNING: Decoder=1c347187400 Decode error: NS_ERROR_DOM_MEDIA_FATAL_ERR (0x806e0005) - RefPtr<MediaSourceTrackDemuxer::SamplesPromise> __cdecl mozilla::MediaSourceTrackDemuxer::DoGetSamples(int32_t): manager is detached.: file /builds/worker/checkouts/gecko/dom/media/MediaDecoderStateMachine.cpp, line 3470
[Child 8968, MediaDecoderStateMachine #1] WARNING: Decoder=1c347187400 Decode error: NS_ERROR_DOM_MEDIA_FATAL_ERR (0x806e0005) - RefPtr<MediaSourceTrackDemuxer::SamplesPromise> __cdecl mozilla::MediaSourceTrackDemuxer::DoGetSamples(int32_t): manager is detached.: file /builds/worker/checkouts/gecko/dom/media/MediaDecoderStateMachine.cpp, line 3470
[Child 8968, MediaDecoderStateMachine #1] WARNING: Decoder=1c34dc43800 Decode error: NS_ERROR_DOM_MEDIA_FATAL_ERR (0x806e0005) - RefPtr<MediaSourceTrackDemuxer::SamplesPromise> __cdecl mozilla::MediaSourceTrackDemuxer::DoGetSamples(int32_t): manager is detached.: file /builds/worker/checkouts/gecko/dom/media/MediaDecoderStateMachine.cpp, line 3470
[Child 8968, MediaDecoderStateMachine #1] WARNING: Decoder=1c34dc43800 Decode error: NS_ERROR_DOM_MEDIA_FATAL_ERR (0x806e0005) - RefPtr<MediaSourceTrackDemuxer::SamplesPromise> __cdecl mozilla::MediaSourceTrackDemuxer::DoGetSamples(int32_t): manager is detached.: file /builds/worker/checkouts/gecko/dom/media/MediaDecoderStateMachine.cpp, line 3470
[Child 8968, MediaDecoderStateMachine #1] WARNING: Decoder=1c34b057400 Decode error: NS_ERROR_DOM_MEDIA_FATAL_ERR (0x806e0005) - RefPtr<MediaSourceTrackDemuxer::SamplesPromise> __cdecl mozilla::MediaSourceTrackDemuxer::DoGetSamples(int32_t): manager is detached.: file /builds/worker/checkouts/gecko/dom/media/MediaDecoderStateMachine.cpp, line 3470
console.error: "Error while calling actor 'layout's method 'getGrids'" "node is null"
console.error: "getGrids@resource://devtools/server/actors/layout.js:502:26\ngetGrids@resource://devtools/server/actors/layout.js:507:43\ngetGrids@resource://devtools/server/actors/layout.js:507:43\ngetGrids@resource://devtools/server/actors/layout.js:507:43\nhandler@resource://devtools/shared/protocol/Actor.js:162:37\nonPacket@resource://devtools/server/devtools-server-connection.js:380:58\nreceiveMessage@resource://devtools/shared/transport/child-transport.js:66:16\n"
[Child 8968, MediaDecoderStateMachine #1] WARNING: Decoder=1c34e330400 Decode error: NS_ERROR_DOM_MEDIA_FATAL_ERR (0x806e0005) - RefPtr<MediaSourceTrackDemuxer::SamplesPromise> __cdecl mozilla::MediaSourceTrackDemuxer::DoGetSamples(int32_t): manager is detached.: file /builds/worker/checkouts/gecko/dom/media/MediaDecoderStateMachine.cpp, line 3470
[Child 8968, MediaDecoderStateMachine #1] WARNING: Decoder=1c34e330400 Decode error: NS_ERROR_DOM_MEDIA_FATAL_ERR (0x806e0005) - RefPtr<MediaSourceTrackDemuxer::SamplesPromise> __cdecl mozilla::MediaSourceTrackDemuxer::DoGetSamples(int32_t): manager is detached.: file /builds/worker/checkouts/gecko/dom/media/MediaDecoderStateMachine.cpp, line 3470
[Child 8968, MediaDecoderStateMachine #1] WARNING: Decoder=1c34e330400 Decode error: NS_ERROR_DOM_MEDIA_FATAL_ERR (0x806e0005) - RefPtr<MediaSourceTrackDemuxer::SamplesPromise> __cdecl mozilla::MediaSourceTrackDemuxer::DoGetSamples(int32_t): manager is detached.: file /builds/worker/checkouts/gecko/dom/media/MediaDecoderStateMachine.cpp, line 3470
console.error: "Error while calling actor 'layout's method 'getGrids'" "null has no properties"
console.error: "getGrids@resource://devtools/server/actors/layout.js:502:26\ngetGrids@resource://devtools/server/actors/layout.js:507:43\ngetGrids@resource://devtools/server/actors/layout.js:507:43\ngetGrids@resource://devtools/server/actors/layout.js:507:43\nhandler@resource://devtools/shared/protocol/Actor.js:162:37\nonPacket@resource://devtools/server/devtools-server-connection.js:380:58\nreceiveMessage@resource://devtools/shared/transport/child-transport.js:66:16\n"
[Child 8968, MediaDecoderStateMachine #1] WARNING: Decoder=1c346ba4400 Decode error: NS_ERROR_DOM_MEDIA_FATAL_ERR (0x806e0005) - RefPtr<MediaSourceTrackDemuxer::SamplesPromise> __cdecl mozilla::MediaSourceTrackDemuxer::DoGetSamples(int32_t): manager is detached.: file /builds/worker/checkouts/gecko/dom/media/MediaDecoderStateMachine.cpp, line 3470
[Child 8968, MediaDecoderStateMachine #1] WARNING: Decoder=1c34f08b800 Decode error: NS_ERROR_DOM_MEDIA_FATAL_ERR (0x806e0005) - RefPtr<MediaSourceTrackDemuxer::SamplesPromise> __cdecl mozilla::MediaSourceTrackDemuxer::DoGetSamples(int32_t): manager is detached.: file /builds/worker/checkouts/gecko/dom/media/MediaDecoderStateMachine.cpp, line 3470
[Child 8968, MediaDecoderStateMachine #1] WARNING: Decoder=1c34f08b800 Decode error: NS_ERROR_DOM_MEDIA_FATAL_ERR (0x806e0005) - RefPtr<MediaSourceTrackDemuxer::SamplesPromise> __cdecl mozilla::MediaSourceTrackDemuxer::DoGetSamples(int32_t): manager is detached.: file /builds/worker/checkouts/gecko/dom/media/MediaDecoderStateMachine.cpp, line 3470
[Child 8968, MediaDecoderStateMachine #1] WARNING: Decoder=1c34f08b800 Decode error: NS_ERROR_DOM_MEDIA_FATAL_ERR (0x806e0005) - RefPtr<MediaSourceTrackDemuxer::SamplesPromise> __cdecl mozilla::MediaSourceTrackDemuxer::DoGetSamples(int32_t): manager is detached.: file /builds/worker/checkouts/gecko/dom/media/MediaDecoderStateMachine.cpp, line 3470
[Child 8968, MediaDecoderStateMachine #1] WARNING: Decoder=1c34f08b800 Decode error: NS_ERROR_DOM_MEDIA_FATAL_ERR (0x806e0005) - RefPtr<MediaSourceTrackDemuxer::SamplesPromise> __cdecl mozilla::MediaSourceTrackDemuxer::DoGetSamples(int32_t): manager is detached.: file /builds/worker/checkouts/gecko/dom/media/MediaDecoderStateMachine.cpp, line 3470
[Child 8968, MediaDecoderStateMachine #1] WARNING: Decoder=1c34f08b800 Decode error: NS_ERROR_DOM_MEDIA_FATAL_ERR (0x806e0005) - RefPtr<MediaSourceTrackDemuxer::SamplesPromise> __cdecl mozilla::MediaSourceTrackDemuxer::DoGetSamples(int32_t): manager is detached.: file /builds/worker/checkouts/gecko/dom/media/MediaDecoderStateMachine.cpp, line 3470
[Child 8968, MediaDecoderStateMachine #1] WARNING: Decoder=1c34f08b800 Decode error: NS_ERROR_DOM_MEDIA_FATAL_ERR (0x806e0005) - RefPtr<MediaSourceTrackDemuxer::SamplesPromise> __cdecl mozilla::MediaSourceTrackDemuxer::DoGetSamples(int32_t): manager is detached.: file /builds/worker/checkouts/gecko/dom/media/MediaDecoderStateMachine.cpp, line 3470
[Child 8968, MediaDecoderStateMachine #1] WARNING: Decoder=1c34f08b800 Decode error: NS_ERROR_DOM_MEDIA_FATAL_ERR (0x806e0005) - RefPtr<MediaSourceTrackDemuxer::SamplesPromise> __cdecl mozilla::MediaSourceTrackDemuxer::DoGetSamples(int32_t): manager is detached.: file /builds/worker/checkouts/gecko/dom/media/MediaDecoderStateMachine.cpp, line 3470
[Child 8968, MediaDecoderStateMachine #1] WARNING: Decoder=1c34f08b800 Decode error: NS_ERROR_DOM_MEDIA_FATAL_ERR (0x806e0005) - RefPtr<MediaSourceTrackDemuxer::SamplesPromise> __cdecl mozilla::MediaSourceTrackDemuxer::DoGetSamples(int32_t): manager is detached.: file /builds/worker/checkouts/gecko/dom/media/MediaDecoderStateMachine.cpp, line 3470
[Child 8968, MediaDecoderStateMachine #1] WARNING: Decoder=1c34797b400 Decode error: NS_ERROR_DOM_MEDIA_FATAL_ERR (0x806e0005) - RefPtr<MediaSourceTrackDemuxer::SamplesPromise> __cdecl mozilla::MediaSourceTrackDemuxer::DoGetSamples(int32_t): manager is detached.: file /builds/worker/checkouts/gecko/dom/media/MediaDecoderStateMachine.cpp, line 3470
[Child 8968, MediaDecoderStateMachine #1] WARNING: Decoder=1c34a777000 Decode error: NS_ERROR_DOM_MEDIA_FATAL_ERR (0x806e0005) - RefPtr<MediaSourceTrackDemuxer::SamplesPromise> __cdecl mozilla::MediaSourceTrackDemuxer::DoGetSamples(int32_t): manager is detached.: file /builds/worker/checkouts/gecko/dom/media/MediaDecoderStateMachine.cpp, line 3470
[Child 8968, MediaDecoderStateMachine #1] WARNING: Decoder=1c34a777000 Decode error: NS_ERROR_DOM_MEDIA_FATAL_ERR (0x806e0005) - RefPtr<MediaSourceTrackDemuxer::SamplesPromise> __cdecl mozilla::MediaSourceTrackDemuxer::DoGetSamples(int32_t): manager is detached.: file /builds/worker/checkouts/gecko/dom/media/MediaDecoderStateMachine.cpp, line 3470
[Child 8968, MediaDecoderStateMachine #1] WARNING: Decoder=1c34a777000 Decode error: NS_ERROR_DOM_MEDIA_FATAL_ERR (0x806e0005) - RefPtr<MediaSourceTrackDemuxer::SamplesPromise> __cdecl mozilla::MediaSourceTrackDemuxer::DoGetSamples(int32_t): manager is detached.: file /builds/worker/checkouts/gecko/dom/media/MediaDecoderStateMachine.cpp, line 3470
[Child 8968, MediaDecoderStateMachine #1] WARNING: Decoder=1c34c93e400 Decode error: NS_ERROR_DOM_MEDIA_FATAL_ERR (0x806e0005) - RefPtr<MediaSourceTrackDemuxer::SamplesPromise> __cdecl mozilla::MediaSourceTrackDemuxer::DoGetSamples(int32_t): manager is detached.: file /builds/worker/checkouts/gecko/dom/media/MediaDecoderStateMachine.cpp, line 3470
console.error: "Error while calling actor 'layout's method 'getGrids'" "node is null"
console.error: "getGrids@resource://devtools/server/actors/layout.js:502:26\ngetGrids@r1597121687993	Marionette	INFO	Stopped listening on port 51275

###!!! [Child][RunMessage] Error: Channel closing: too late to send/recv, messages will be lost


###!!! [Child][MessageChannel::SendAndWait] Error: Channel error: cannot send/recv

//devtools/server/devtools-server-connection.js:380:58\nreceiveMessage@resource://devtools/shared/transport/child-transport.js:66:16\n"
[Child 8968, MediaDecoderStateMachine #1] WARNING: Decoder=1c34801f800 Decode error: NS_ERROR_DOM_MEDIA_FATAL_ERR (0x806e0005) - RefPtr<MediaSourceTrackDemuxer::SamplesPromise> __cdecl mozilla::MediaSourceTrackDemuxer::DoGetSamples(int32_t): manager is detached.: file /builds/worker/checkouts/gecko/dom/media/MediaDecoderStateMachine.cpp, line 3470
JavaScript error: https://securepubads.g.doubleclick.net/tag/js/gpt.js, line 6: NS_ERROR_NOT_INITIALIZED: 
1597121693148	Marionette	INFO	Stopped listening on port 50863

###!!! [Child][RunMessage] Error: Channel closing: too late to send/recv, messages will be lost


###!!! [Child][MessageChannel::SendAndWait] Error: Channel error: cannot send/recv

1597121697156	geckodriver	INFO	Listening on 127.0.0.1:51470
1597121700237	mozrunner::runner	INFO	Running command: "C:\\Program Files\\Mozilla Firefox\\firefox.exe" "--marionette" "-foreground" "-no-remote" "-profile" "C:\\Users\\andre\\AppData\\Local\\Temp\\rust_mozprofilezhgUxH"
JavaScript error: resource://gre/modules/XULStore.jsm, line 66: Error: Can't find profile directory.
1597121704023	Marionette	INFO	Listening on port 51480
1597121704424	Marionette	WARN	TLS certificate errors will be ignored for this session
[Child 5060, MediaDecoderStateMachine #1] WARNING: Decoder=1dc51884400 Decode error: NS_ERROR_DOM_MEDIA_FATAL_ERR (0x806e0005) - RefPtr<MediaSourceTrackDemuxer::SamplesPromise> __cdecl mozilla::MediaSourceTrackDemuxer::DoGetSamples(int32_t): manager is detached.: file /builds/worker/checkouts/gecko/dom/media/MediaDecoderStateMachine.cpp, line 3470
[Child 5060, MediaDecoderStateMachine #1] WARNING: Decoder=1dc51884400 Decode error: NS_ERROR_DOM_MEDIA_FATAL_ERR (0x806e0005) - RefPtr<MediaSourceTrackDemuxer::SamplesPromise> __cdecl mozilla::MediaSourceTrackDemuxer::DoGetSamples(int32_t): manager is detached.: file /builds/worker/checkouts/gecko/dom/media/MediaDecoderStateMachine.cpp, line 3470
[Child 5060, MediaDecoderStateMachine #1] WARNING: Decoder=1dc51884400 Decode error: NS_ERROR_DOM_MEDIA_FATAL_ERR (0x806e0005) - RefPtr<MediaSourceTrackDemuxer::SamplesPromise> __cdecl mozilla::MediaSourceTrackDemuxer::DoGetSamples(int32_t): manager is detached.: file /builds/worker/checkouts/gecko/dom/media/MediaDecoderStateMachine.cpp, line 3470
[Child 5060, MediaDecoderStateMachine #1] WARNING: Decoder=1dc5009e000 Decode error: NS_ERROR_DOM_MEDIA_FATAL_ERR (0x806e0005) - RefPtr<MediaSourceTrackDemuxer::SamplesPromise> __cdecl mozilla::MediaSourceTrackDemuxer::DoGetSamples(int32_t): manager is detached.: file /builds/worker/checkouts/gecko/dom/media/MediaDecoderStateMachine.cpp, line 3470
1597121803645	Marionette	INFO	Stopped listening on port 51480

###!!! [Child][RunMessage] Error: Channel closing: too late to send/recv, messages will be lost


###!!! [Child][MessageChannel::SendAndWait] Error: Channel error: cannot send/recv

Temp\\rust_mozprofileNeOD6I"
JavaScript error: resource://gre/modules/XULStore.jsm, line 66: Error: Can't find profile directory.
1597121805218	Marionette	INFO	Listening on port 51726
1597121805610	Marionette	WARN	TLS certificate errors will be ignored for this session
[Child 12236, MediaDecoderStateMachine #1] WARNING: Decoder=1597121858171	mozrunner::runner	INFO	Running command: "C:\\Program Files\\Mozilla Firefox\\firefox.exe" "--marionette" "-foreground" "-no-remote" "-profile" "C:\\Users\\andre\\AppData\\Local\\Temp\\rust_mozprofileS4nGlC"
JavaScript error: resource://gre/modules/XULStore.jsm, line 66: Error: Can't find profile directory.
1597121862875	Marionette	INFO	Listening on port 51939
1597121862992	Marionette	WARN	TLS certificate errors will be ignored for this session
[Child 11332, MediaDecoderStateMachine #1] WARNING: Decoder=1fcd6284400 Decode error: NS_ERROR_DOM_MEDIA_FATAL_ERR (0x806e0005) - RefPtr<MediaSourceTrackDemuxer::SamplesPromise> _[Child 12236, MediaDecoderStateMachine #1] WARNING: Decoder=21b2df9f400 Decode error: NS_ERROR_DOM_MEDIA_FATAL_ERR (0x806e0005) - RefPtr<MediaSourceTrackDemuxer::SamplesPromise> __cdecl mozilla::MediaSourceTrackDemuxer::DoGetSamples(int32_t): manager is detached.: file /builds/worker/checkouts/gecko/dom/media/MediaDecoderStateMachine.cpp, line 3470
[Child 12236, MediaDecoderStateMachine #1] WARNING: Decoder=21b2df9f400 Decode error: NS_ERROR_DOM_MEDIA_FATAL_ERR (0x806e0005) - RefPtr<MediaSourceTrackDemuxer::SamplesPromise> __cdecl mozilla::MediaSourceTrackDemuxer::DoGetSamples(int32_t): manager is detached.: file /builds/worker/checkouts/gecko/dom/media/MediaDecoderStateMachine.cpp, line 3470
1597121988169	Marionette	INFO	Stopped listening on port 51726

###!!! [Child][RunMessage] Error: Channel closing: too late to send/recv, messages will be lost


###!!! [Child][MessageChannel::SendAndWait] Error: Channel error: cannot send/recv

error: NS_ERROR_DOM_MEDIA_FATAL_ERR (0x806e0005) - RefPtr<MediaSourceTrackDemuxer::SamplesPromise> __cdecl mozilla::MediaSourceTrackDemuxer::DoGetSamples(int32_t): manager is detached.: file /builds/worker/checkouts/gecko/dom/media/MediaDecoderStateMachine.cpp, line 3470
[Child 11332, MediaDecoderStateMachine #1] WARNING: Decoder=1fcd990c800 Decode error: NS_ERROR_DOM_MEDIA_FATAL_ERR (0x806e0005) - RefPtr<MediaSourceTrackDemuxer::SamplesProm
###!!! [Child][RunMessage] Error: Channel closing: too late to send/recv, messages will be lost

1597121988555	Marionette	INFO	Stopped listening on port 52353

###!!! [Child][RunMessage] Error: Channel closing: too late to send/recv, messages will be lost


###!!! [Child][MessageChannel::SendAndWait] Error: Channel error: cannot send/recv

se> __cdecl mozilla::MediaSourceTrackDemuxer::DoGetSamples(int32_t): manager is detached.: file /builds/worker/checkouts/gecko/dom/media/MediaDecoderStateMachine.cpp, line 3470
1597121988458	Marionette	INFO	Stopped listening on port 51939

###!!! [Child][RunMessage] Error: Channel closing: too late to send/recv, messages will be lost


###!!! [Child][MessageChannel::SendAndWait] Error: Channel error: cannot send/recv

ached.: file /builds/worker/checkouts/gecko/dom/media/MediaDecoderStateMachine.cpp, line 3470
[Child 3932, MediaDecoderStateMachine #1] WARNING: Decoder=21a9906d000 Decode error: NS_ERROR_DOM_MEDIA_FATAL_ERR (0x806e0005) - RefPtr<MediaSourceTrackDemuxer::SamplesPromise> __cdecl mozilla::MediaSourceTrackDemuxer::DoGetSamples(int32_t): manager is detached.: file /builds/worker/checkouts/gecko/dom/media/MediaDecoderStateMachine.cpp, line 3470
[Child 3932, MediaDecoderStateMachine #1] WARNING: Decoder=21a9906d000 Decode error: NS_ERROR_DOM_MEDIA_FATAL_ERR (0x806e0005) - RefPtr<MediaSourceTrackDemuxer::SamplesPromise> __cdecl mozilla::MediaSourceTrackDemuxer::DoGetSamples(int32_t): manager is detached.: file /builds/worker/checkouts/gecko/dom/media/MediaDecoderStateMachine.cpp, line 3470
1597121988090	Marionette	INFO	Stopped listening on port 52132

###!!! [Child][RunMessage] Error: Channel closing: too late to send/recv, messages will be lost


###!!! [Child][MessageChannel::SendAndWait] Error: Channel error: cannot send/recv

Temp\\rust_mozprofileTWUGlB"
JavaScript error: resource://gre/modules/XULStore.jsm, line 66: Error: Can't find profile directory.
1597121991426	Marionette	INFO	Listening on port 52574
1597121991914	Marionette	WARN	TLS certificate errors will be ignored for this session
[Child 1336, MediaDecoderStateMachine #1] WARNING: Decoder=2763c738800 Decode error: NS_ERROR_DOM_MEDIA_FATAL_ERR (0x806e0005) - RefPtr<MediaSourceTrackDemuxer::SamplesPromise> __cdecl mozilla::MediaSourceTrackDemuxer::DoGetSamples(int32_t): manager is detached.: file /builds/worker/checkouts/gecko/dom/media/MediaDecoderStateMachine.cpp, line 3470
[Child 1336, MediaDecoderStateMachine #1] WARNING: Decoder=2763c738800 Decode error: NS_ERROR_DOM_MEDIA_FATAL_ERR (0x806e0005) - RefPtr<MediaSourceTrackDemuxer::SamplesPromis[Child 12600, MediaDecoderStateMachine #1] WARNING: Decoder=28e40f10c00 Decode error: NS_ERROR_DOM_MEDIA_FATAL_ERR (0x806e0005) - RefPtr<MediaSourceTrackDemuxer::SamplesPromise> __cdecl mozilla::MediaSourceTrackDemuxer::DoGetSamples(int32_t): manager is detached.: file /builds/worker/checkouts/gecko/dom/media/MediaDecoderStateMachine.cpp, line 3470
[Child 12600, MediaDecoderStateMachine #1] WARNING: Decoder=28e40f10c00 Decode error: NS_ERROR_DOM_MEDIA_FATAL_ERR (0x806e0005) - RefPtr<MediaSourceTrackDemuxer::SamplesPromise> __cdecl mozilla::MediaSourceTrackDemuxer::DoGetSamples(int32_t): manager is detached.: file /builds/worker/checkouts/gecko/dom/media/MediaDecoderStateMachine.cpp, line 3470
[Child 12600, MediaDecoderStateMachine #1] WARNING: Decoder=28e37b66000 Decode error: NS_ERROR_DOM_MEDIA_FATAL_ERR (0x806e0005) - RefPtr<MediaSourceTrackDemuxer::SamplesPromise> __cdecl mozilla::MediaSourceTrackDemuxer::DoGetSamples(int32_t): manager is detached.: file /builds/worker/checkouts/gecko/dom/media/MediaDecoderStateMachine.cpp, line 3470
[Child 12600, MediaDecoderStateMachine #1] WARNING: Decoder=28e37b66000 Decode error: NS_ERROR_DOM_MEDIA_FATAL_ERR (0x806e0005) - RefPtr<MediaSourceTrackDemuxer::SamplesPromise> __cdecl mozilla::MediaSourceTrackDemuxer::DoGetSamples(int32_t): manager is detached.: file /builds/worker/checkouts/gecko/dom/media/MediaDecoderStateMachine.cpp, line 3470
[Child 12600, MediaDecoderStateMachine #1] WARNING: Decoder=28e3a274800 Decode error: NS_ERROR_DOM_MEDIA_FATAL_ERR (0x806e0005) - RefPtr<MediaSourceTrackDemuxer::SamplesPromise> __cdecl mozilla::MediaSourceTrackDemuxer::DoGetSamples(int32_t): manager is detached.: file /builds/worker/checkouts/gecko/dom/media/MediaDecoderStateMachine.cpp, line 3470
[Child 12600, MediaDecoderStateMachine #1] WARNING: Decoder=28e3a274800 Decode error: NS_ERROR_DOM_MEDIA_FATAL_ERR (0x806e0005) - RefPtr<MediaSourceTrackDemuxer::SamplesPromise> __cdecl mozilla::MediaSourceTrackDemuxer::DoGetSamples(int32_t): manager is detached.: file /builds/worker/checkouts/gecko/dom/media/MediaDecoderStateMachine.cpp, line 1597122162874	Marionette	INFO	Stopped listening on port 53025

###!!! [Child][RunMessage] Error: Channel closing: too late to send/recv, messages will be lost


###!!! [Child][MessageChannel::SendAndWait] Error: Channel error: cannot send/recv

ild][RunMessage] Error: Channel closing: too late to send/recv, messages will be lost


###!!! [Child][MessageChannel::SendAndWait] Error: Channel error: cannot send/recv

1597122163439	geckodriver	INFO	Listening on 127.0.0.1:53214
1597122166555	mozrunner::runner	INFO	Running command: "C:\\Program Files\\Mozilla Firefox\\firefox.exe" "--marionette" "-foreground" "-no-remote" "-profile" "C:\\Users\\andre\\AppData\\Local\\Temp\\rust_mozprofilesmU1eo"
JavaScript error: resource://gre/modules/XULStore.jsm, line 66: Error: Can't find profile directory.
1597122170305	Marionette	INFO	Listening on port 53223
1597122170780	Marionette	WARN	TLS certificate errors will be ignored for this session
[Child 11612, MediaDecoderStateMachine #1] WARNING: Decoder=20e9a53dc00 Decode error: NS_ERROR_DOM_MEDIA_FATAL_ERR (0x806e0005) - RefPtr<MediaSourceTrackDemuxer::SamplesPromise> __cdecl mozilla::MediaSourceTrackDemuxer::DoGetSamples(int32_t): manager is detached.: file /builds/worker/checkouts/gecko/dom/media/MediaDecoderStateMachine.cpp, line 3470
[Child 11612, MediaDecoderStateMachine #1] WARNING: Decoder=20e9a53dc00 Decode error: NS_ERROR_DOM_MEDIA_FATAL_ERR (0x806e0005) - RefPtr<MediaSourceTrackDemuxer::SamplesPromise> __cdecl mozilla::MediaSourceTrackDemuxer::DoGetSamples(int32_t): manager is detached.: file /builds/worker/checkouts/gecko/dom/media/MediaDecoderStateMachine.cpp, line 3470
[Child 11612, MediaDecoderStateMachine #1] WARNING: Decoder=20e95568000 Decode error: NS_ERROR_DOM_MEDIA_FATAL_ERR (0x806e0005) - RefPtr<MediaSourceTrackDemuxer::SamplesPromise> __cdecl mozilla::MediaSourceTrackDemuxer::DoGetSamples(int32_t): manager is detached.: file /builds/worker/checkouts/gecko/dom/media/MediaDecoderStateMachine.cpp, line 3470
[Child 11612, MediaDecoderStateMachine #1] WARNING: Decoder=20e95568000 Decode error: NS_ERROR_DOM_MEDIA_FATAL_ERR (0x806e0005) - RefPtr<MediaSourceTrackDemuxer::SamplesPromise> __cdecl mozilla::MediaSourceTrackDemuxer::DoGetSamples(int32_t): manager is detached.: file /builds/worker/checkouts/gecko/dom/media/MediaDecoderStateMachine.cpp, line 3470
[Child 11612, MediaDecoderStateMachine #1] WARNING: Decoder=20e9a536400 Decode error: NS_ERROR_DOM_MEDIA_FATAL_ERR (0x806e0005) - RefPtr<MediaSourceTrackDemuxer::SamplesPromise> __cdecl mozilla::MediaSourceTrackDemuxer::DoGetSamples(int32_t): manager is detached.: file /builds/worker/checkouts/gecko/dom/media/MediaDecoderStateMachine.cpp, line 3470
[Child 11612, AudioIPC0] WARNING: 20e9a444f40 StateCallback() state 1 cubeb error: file /builds/worker/checkouts/gecko/dom/media/AudioStream.cpp, line 658
[Child 11612, MediaDecoderStateMachine #1] WARNING: Decoder=20e8efa0400 [OnMediaSinkAudioError]: file /builds/worker/checkouts/gecko/dom/media/MediaDecoderStateMachine.cpp, line 3891
[Child 11612, MediaDecoderStateMachine #1] WARNING: Decoder=20e8efa0400 Decode error: NS_ERROR_DOM_MEDIA_FATAL_ERR (0x806e0005) - RefPtr<MediaSourceTrackDemuxer::SamplesPromise> __cdecl mozilla::MediaSourceTrackDemuxer::DoGetSamples(int32_t): manager is detached.: file /builds/worker/checkouts/gecko/dom/media/MediaDecoderStateMachine.cpp, line 3470
[Child 11612, MediaDecoderStateMachine #1] WARNING: Decoder=20e8efa0400 Decode error: NS_ERROR_DOM_MEDIA_FATAL_ERR (0x806e0005) - RefPtr<MediaSourceTrackDemuxer::SamplesPromise> __cdecl mozilla::MediaSourceTrackDemuxer::DoGetSamples(int32_t): manager is detached.: file /builds/worker/checkouts/gecko/dom/media/MediaDecoderStateMachine.cpp, line 3470
JavaScript error: , line 0: NotSupportedError: The media resource indicated by the src attribute or assigned media provider object was not suitable.
JavaScript error: , line 0: NotSupportedError: The media resource indicated by the src attribute or assigned media provider object was not suitable.
JavaScript error: , line 0: NotSupportedError: The media resource indicated by the src attribute or assigned media provider object was not suitable.
JavaScript error: , line 0: NotSupportedError: The media resource indicated by the src attribute or assigned media provider object was not suitable.
JavaScript error: , line 0: NotSupportedError: The media resource indicated by the src attribute or assigned media provider object was not suitable.
JavaScript error: , line 0: NotSupportedError: The media resource indicated by the src attribute or assigned media provider object was not suitable.
JavaScript error: , line 0: NotSupportedError: The media resource indicated by the src attribute or assigned media provider object was not suitable.
JavaScript error: , line 0: NotSupportedError: The media resource indicated by the src attribute or assigned media provider object was not suitable.
JavaScript error: , line 0: NotSupportedError: The media resource indicated by the src attribute or assigned media provider object was not suitable.
[Child 11612, MediaDecoderStateMachine #1] WARNING: Decoder=20e9a537800 Decode error: NS_ERROR_DOM_MEDIA_FATAL_ERR (0x806e0005) - RefPtr<MediaSourceTrackDemuxer::SamplesPromise> __cdecl mozilla::MediaSourceTrackDemuxer::DoGetSamples(int32_t): manager is detached.: file /builds/worker/checkouts/gecko/dom/media/MediaDecoderStateMachine.cpp, line 3470
[Child 11612, MediaDecoderStateMachine #1] WARNING: Decoder=20e9a537800 Decode error: NS_ERROR_DOM_MEDIA_FATAL_ERR (0x806e0005) - RefPtr<MediaSourceTrackDemuxer::SamplesPromise> __cdecl mozilla::MediaSourceTrackDemuxer::DoGetSamples(int32_t): manager is detached.: file /builds/worker/checkouts/gecko/dom/media/MediaDecoderStateMachine.cpp, line 3470
[Child 11612, MediaDecoderStateMachine #1] WARNING: Decoder=20e9c2ec800 Decode error: NS_ERROR_DOM_MEDIA_FATAL_ERR (0x806e0005) - RefPtr<MediaSourceTrackDemuxer::SamplesPromise> __cdecl mozilla::MediaSourceTrackDemuxer::DoGetSamples(int32_t): manager is detached.: file /builds/worker/checkouts/gecko/dom/media/MediaDecoderStateMachine.cpp, line 3470
[Child 11612, MediaDecoderStateMachine #1] WARNING: Decoder=20e9c2ec800 Decode error: NS_ERROR_DOM_MEDIA_FATAL_ERR (0x806e0005) - RefPtr<MediaSourceTrackDemuxer::SamplesPromise> __cdecl mozilla::MediaSourceTrackDemuxer::DoGetSamples(int32_t): manager is detached.: file /builds/worker/checkouts/gecko/dom/media/MediaDecoderStateMachine.cpp, line 3470
[Child 11612, MediaDecoderStateMachine #1] WARNING: Decoder=20e95e99c00 Decode error: NS_ERROR_DOM_MEDIA_FATAL_ERR (0x806e0005) - RefPtr<MediaSourceTrackDemuxer::SamplesPromise> __cdecl mozilla::MediaSourceTrackDemuxer::DoGetSamples(int32_t): manager is detached.: file /builds/worker/checkouts/gecko/dom/media/MediaDecoderStateMachine.cpp, line 3470
[Child 11612, MediaDecoderStateMachine #1] WARNING: Decoder=20e95e99c00 Decode error: NS_ERROR_DOM_MEDIA_FATAL_ERR (0x806e0005) - RefPtr<MediaSourceTrackDemuxer::SamplesPromise> __cdecl mozilla::MediaSourceTrackDemuxer::DoGetSamples(int32_t): manager is detached.: file /builds/worker/checkouts/gecko/dom/media/MediaDecoderStateMachine.cpp, line 3470
[Child 11612, MediaDecoderStateMachine #1] WARNING: Decoder=20e9c2e9000 Decode error: NS_ERROR_DOM_MEDIA_FATAL_ERR (0x806e0005) - RefPtr<MediaSourceTrackDemuxer::SamplesPromise> __cdecl mozilla::MediaSourceTrackDemuxer::DoGetSamples(int32_t): manager is detached.: file /builds/worker/checkouts/gecko/dom/media/MediaDecoderStateMachine.cpp, line 3470
[Child 11612, MediaDecoderStateMachine #1] WARNING: Decoder=20e9c2e9000 Decode error: NS_ERROR_DOM_MEDIA_FATAL_ERR (0x806e0005) - RefPtr<MediaSourceTrackDemuxer::SamplesPromise> __cdecl mozilla::MediaSourceTrackDemuxer::DoGetSamples(int32_t): manager is detached.: file /builds/worker/checkouts/gecko/dom/media/MediaDecoderStateMachine.cpp, line 3470
[Child 11612, MediaDecoderStateMachine #1] WARNING: Decoder=20e9b268800 Decode error: NS_ERROR_DOM_MEDIA_FATAL_ERR (0x806e0005) - RefPtr<MediaSourceTrackDemuxer::SamplesPromise> __cdecl mozilla::MediaSourceTrackDemuxer::DoGetSamples(int32_t): manager is detached.: file /builds/worker/checkouts/gecko/dom/media/MediaDecoderStateMachine.cpp, line 3470
[Child 11612, MediaDecoderStateMachine #1] WARNING: Decoder=20e9555c000 Decode error: NS_ERROR_DOM_MEDIA_FATAL_ERR (0x806e0005) - RefPtr<MediaSourceTrackDemuxer::SamplesPromise> __cdecl mozilla::MediaSourceTrackDemuxer::DoGetSamples(int32_t): manager is detached.: file /builds/worker/checkouts/gecko/dom/media/MediaDecoderStateMachine.cpp, line 3470
[Child 11612, MediaDecoderStateMachine #1] WARNING: Decoder=20e9a531800 Decode error: NS_ERROR_DOM_MEDIA_FATAL_ERR (0x806e0005) - RefPtr<MediaSourceTrackDemuxer::SamplesPromise> __cdecl mozilla::MediaSourceTrackDemuxer::DoGetSamples(int32_t): manager is detached.: file /builds/worker/checkouts/gecko/dom/media/MediaDecoderStateMachine.cpp, line 3470
[Child 11612, MediaDecoderStateMachine #1] WARNING: Decoder=20e95568000 Decode error: NS_ERROR_DOM_MEDIA_FATAL_ERR (0x806e0005) - RefPtr<MediaSourceTrackDemuxer::SamplesPromise> __cdecl mozilla::MediaSourceTrackDemuxer::DoGetSamples(int32_t): manager is detached.: file /builds/worker/checkouts/gecko/dom/media/MediaDecoderStateMachine.cpp, line 3470
[Child 11612, MediaDecoderStateMachine #1] WARNING: Decoder=20e95568000 Decode error: NS_ERROR_DOM_MEDIA_FATAL_ERR (0x806e0005) - RefPtr<MediaSourceTrackDemuxer::SamplesPromise> __cdecl mozilla::MediaSourceTrackDemuxer::DoGetSamples(int32_t): manager is detached.: file /builds/worker/checkouts/gecko/dom/media/MediaDecoderStateMachine.cpp, line 3470
[Child 11612, MediaDecoderStateMachine #1] WARNING: Decoder=20e9a531800 Decode error: NS_ERROR_DOM_MEDIA_FATAL_ERR (0x806e0005) - RefPtr<MediaSourceTrackDemuxer::SamplesPromise> __cdecl mozilla::MediaSourceTrackDemuxer::DoGetSamples(int32_t): manager is detached.: file /builds/worker/checkouts/gecko/dom/media/MediaDecoderStateMachine.cpp, line 3470
[Child 11612, MediaDecoderStateMachine #1] WARNING: Decoder=20e98064000 Decode error: NS_ERROR_DOM_MEDIA_FATAL_ERR (0x806e0005) - RefPtr<MediaSourceTrackDemuxer::SamplesPromise> __cdecl mozilla::MediaSourceTrackDemuxer::DoGetSamples(int32_t): manager is detached.: file /builds/worker/checkouts/gecko/dom/media/MediaDecoderStateMachine.cpp, line 3470
[Child 11612, MediaDecoderStateMachine #1] WARNING: Decoder=20e8efca000 Decode error: NS_ERROR_DOM_MEDIA_FATAL_ERR (0x806e0005) - RefPtr<MediaSourceTrackDemuxer::SamplesPromise> __cdecl mozilla::MediaSourceTrackDemuxer::DoGetSamples(int32_t): manager is detached.: file /builds/worker/checkouts/gecko/dom/media/MediaDecoderStateMachine.cpp, line 3470
[Child 11612, MediaDecoderStateMachine #1] WARNING: Decoder=20e8efca000 Decode error: NS_ERROR_DOM_MEDIA_FATAL_ERR (0x806e0005) - RefPtr<MediaSourceTrackDemuxer::SamplesPromise> __cdecl mozilla::MediaSourceTrackDemuxer::DoGetSamples(int32_t): manager is detached.: file /builds/worker/checkouts/gecko/dom/media/MediaDecoderStateMachine.cpp, line 3470
[Child 11612, MediaDecoderStateMachine #1] WARNING: Decoder=20e8ef9fc00 Decode error: NS_ERROR_DOM_MEDIA_FATAL_ERR (0x806e0005) - RefPtr<MediaSourceTrackDemuxer::SamplesPromise> __cdecl mozilla::MediaSourceTrackDemuxer::DoGetSamples(int32_t): manager is detached.: file /builds/worker/checkouts/gecko/dom/media/MediaDecoderStateMachine.cpp, line 3470
[Child 11612, MediaDecoderStateMachine #1] WARNING: Decoder=20e9806e400 Decode error: NS_ERROR_DOM_MEDIA_FATAL_ERR (0x806e0005) - RefPtr<MediaSourceTrackDemuxer::SamplesPromise> __cdecl mozilla::MediaSourceTrackDemuxer::DoGetSamples(int32_t): manager is detached.: file /builds/worker/checkouts/gecko/dom/media/MediaDecoderStateMachine.cpp, line 3470
[Child 11612, MediaDecoderStateMachine #1] WARNING: Decoder=20e95e99c00 Decode error: NS_ERROR_DOM_MEDIA_FATAL_ERR (0x806e0005) - RefPtr<MediaSourceTrackDemuxer::SamplesPromise> __cdecl mozilla::MediaSourceTrackDemuxer::DoGetSamples(int32_t): manager is detached.: file /builds/worker/checkouts/gecko/dom/media/MediaDecoderStateMachine.cpp, line 3470
[Child 11612, MediaDecoderStateMachine #1] WARNING: Decoder=20e9806e400 Decode error: NS_ERROR_DOM_MEDIA_FATAL_ERR (0x806e0005) - RefPtr<MediaSourceTrackDemuxer::SamplesPromise> __cdecl mozilla::MediaSourceTrackDemuxer::DoGetSamples(int32_t): manager is detached.: file /builds/worker/checkouts/gecko/dom/media/MediaDecoderStateMachine.cpp, line 3470
[Child 11612, MediaDecoderStateMachine #1] WARNING: Decoder=20e9806e400 Decode error: NS_ERROR_DOM_MEDIA_FATAL_ERR (0x806e0005) - RefPtr<MediaSourceTrackDemuxer::SamplesPromise> __cdecl mozilla::MediaSourceTrackDemuxer::DoGetSamples(int32_t): manager is detached.: file /builds/worker/checkouts/gecko/dom/media/MediaDecoderStateMachine.cpp, line 3470
[Child 11612, MediaDecoderStateMachine #1] WARNING: Decoder=20e9806e400 Decode error: NS_ERROR_DOM_MEDIA_FATAL_ERR (0x806e0005) - RefPtr<MediaSourceTrackDemuxer::SamplesPromise> __cdecl mozilla::MediaSourceTrackDemuxer::DoGetSamples(int32_t): manager is detached.: file /builds/worker/checkouts/gecko/dom/media/MediaDecoderStateMachine.cpp, line 3470
[Child 11612, AudioIPC0] WARNING: 20e9555a4c0 StateCallback() state 1 cubeb error: file /builds/worker/checkouts/gecko/dom/media/AudioStream.cpp, line 658
[Child 11612, MediaDecoderStateMachine #1] WARNING: Decoder=20e95e99c00 [OnMediaSinkAudioError]: file /builds/worker/checkouts/gecko/dom/media/MediaDecoderStateMachine.cpp, line 3891
[Child 11612, MediaDecoderStateMachine #1] WARNING: Decoder=20e95e99c00 Decode error: NS_ERROR_DOM_MEDIA_FATAL_ERR (0x806e0005) - RefPtr<MediaSourceTrackDemuxer::SamplesPromise> __cdecl mozilla::MediaSourceTrackDemuxer::DoGetSamples(int32_t): manager is detached.: file /builds/worker/checkouts/gecko/dom/media/MediaDecoderStateMachine.cpp, line 3470
[Child 11612, MediaDecoderStateMachine #1] WARNING: Decoder=20e982a1c00 Decode error: NS_ERROR_DOM_MEDIA_FATAL_ERR (0x806e0005) - RefPtr<MediaSourceTrackDemuxer::SamplesPromise> __cdecl mozilla::MediaSourceTrackDemuxer::DoGetSamples(int32_t): manager is detached.: file /builds/worker/checkouts/gecko/dom/media/MediaDecoderStateMachine.cpp, line 3470
[Child 11612, MediaDecoderStateMachine #1] WARNING: Decoder=20e9556a400 Decode error: NS_ERROR_DOM_MEDIA_FATAL_ERR (0x806e0005) - RefPtr<MediaSourceTrackDemuxer::SamplesPromise> __cdecl mozilla::MediaSourceTrackDemuxer::DoGetSamples(int32_t): manager is detached.: file /builds/worker/checkouts/gecko/dom/media/MediaDecoderStateMachine.cpp, line 3470
[Child 11612, MediaDecoderStateMachine #1] WARNING: Decoder=20e9a538c00 Decode error: NS_ERROR_DOM_MEDIA_FATAL_ERR (0x806e0005) - RefPtr<MediaSourceTrackDemuxer::SamplesPromise> __cdecl mozilla::MediaSourceTrackDemuxer::DoGetSamples(int32_t): manager is detached.: file /builds/worker/checkouts/gecko/dom/media/MediaDecoderStateMachine.cpp, line 3470
[Child 11612, MediaDecoderStateMachine #1] WARNING: Decoder=20e9805f400 Decode error: NS_ERROR_DOM_MEDIA_FATAL_ERR (0x806e0005) - RefPtr<MediaSourceTrackDemuxer::SamplesPromise> __cdecl mozilla::MediaSourceTrackDemuxer::DoGetSamples(int32_t): manager is detached.: file /builds/worker/checkouts/gecko/dom/media/MediaDecoderStateMachine.cpp, line 3470
[Child 11612, MediaDecoderStateMachine #1] WARNING: Decoder=20e9c2efc00 Decode error: NS_ERROR_DOM_MEDIA_FATAL_ERR (0x806e0005) - RefPtr<MediaSourceTrackDemuxer::SamplesPromise> __cdecl mozilla::MediaSourceTrackDemuxer::DoGetSamples(int32_t): manager is detached.: file /builds/worker/checkouts/gecko/dom/media/MediaDecoderStateMachine.cpp, line 3470
[Child 11612, MediaDecoderStateMachine #1] WARNING: Decoder=20e9c5f2c00 Decode error: NS_ERROR_DOM_MEDIA_FATAL_ERR (0x806e0005) - RefPtr<MediaSourceTrackDemuxer::SamplesPromise> __cdecl mozilla::MediaSourceTrackDemuxer::DoGetSamples(int32_t): manager is detached.: file /builds/worker/checkouts/gecko/dom/media/MediaDecoderStateMachine.cpp, line 3470
[Child 11612, MediaDecoderStateMachine #1] WARNING: Decoder=20e9c5f2c00 Decode error: NS_ERROR_DOM_MEDIA_FATAL_ERR (0x806e0005) - RefPtr<MediaSourceTrackDemuxer::SamplesPromise> __cdecl mozilla::MediaSourceTrackDemuxer::DoGetSamples(int32_t): manager is detached.: file /builds/worker/checkouts/gecko/dom/media/MediaDecoderStateMachine.cpp, line 3470
[Child 11612, MediaDecoderStateMachine #1] WARNING: Decoder=20e9c6dd400 Decode error: NS_ERROR_DOM_MEDIA_FATAL_ERR (0x806e0005) - RefPtr<MediaSourceTrackDemuxer::SamplesPromise> __cdecl mozilla::MediaSourceTrackDemuxer::DoGetSamples(int32_t): manager is detached.: file /builds/worker/checkouts/gecko/dom/media/MediaDecoderStateMachine.cpp, line 3470
[Child 11612, MediaDecoderStateMachine #1] WARNING: Decoder=20e9c6dd400 Decode error: NS_ERROR_DOM_MEDIA_FATAL_ERR (0x806e0005) - RefPtr<MediaSourceTrackDemuxer::SamplesPromise> __cdecl mozilla::MediaSourceTrackDemuxer::DoGetSamples(int32_t): manager is detached.: file /builds/worker/checkouts/gecko/dom/media/MediaDecoderStateMachine.cpp, line 3470

###!!! [Child][RunMessage] Error: Channel closing: too late to send/recv, messages will be lost


###!!! [Child][RunMessage] Error: Channel closing: too late to send/recv, messages will be lost

1597184855979	Marionette	INFO	Stopped listening on port 53223

###!!! [Child][RunMessage] Error: Channel closing: too late to send/recv, messages will be lost


###!!! [Child][MessageChannel::SendAndWait] Error: Channel error: cannot send/recv

1597533486071	geckodriver	INFO	Listening on 127.0.0.1:60427
1597533489184	mozrunner::runner	INFO	Running command: "C:\\Program Files\\Mozilla Firefox\\firefox.exe" "--marionette" "-foreground" "-no-remote" "-profile" "C:\\Users\\andre\\AppData\\Local\\Temp\\rust_mozprofileTirla1"
JavaScript error: resource://gre/modules/XULStore.jsm, line 66: Error: Can't find profile directory.
1597533492653	Marionette	INFO	Listening on port 60435
1597533492855	Marionette	WARN	TLS certificate errors will be ignored for this session
1597533506071	Marionette	INFO	Stopped listening on port 60435
JavaScript error: , line 0: uncaught exception: undefined

###!!! [Child][RunMessage] Error: Channel closing: too late to send/recv, messages will be lost


###!!! [Child][MessageChannel::SendAndWait] Error: Channel error: cannot send/recv

1597533509314	geckodriver	INFO	Listening on 127.0.0.1:60601
1597533512416	mozrunner::runner	INFO	Running command: "C:\\Program Files\\Mozilla Firefox\\firefox.exe" "--marionette" "-foreground" "-no-remote" "-profile" "C:\\Users\\andre\\AppData\\Local\\Temp\\rust_mozprofileLh5JW4"
JavaScript error: resource://gre/modules/XULStore.jsm, line 66: Error: Can't find profile directory.
1597533516856	Marionette	INFO	Listening on port 60613
1597533517250	Marionette	WARN	TLS certificate errors will be ignored for this session
1597533528426	Marionette	INFO	Stopped listening on port 60613
JavaScript error: https://i-invdn-com.akamaized.net/js/lazysizes.min.js, line 2: NS_ERROR_NOT_INITIALIZED: 
JavaScript error: , line 0: uncaught exception: undefined

###!!! [Child][RunMessage] Error: Channel closing: too late to send/recv, messages will be lost


###!!! [Child][MessageChannel::SendAndWait] Error: Channel error: cannot send/recv

1597533531422	geckodriver	INFO	Listening on 127.0.0.1:60766
1597533534533	mozrunner::runner	INFO	Running command: "C:\\Program Files\\Mozilla Firefox\\firefox.exe" "--marionette" "-foreground" "-no-remote" "-profile" "C:\\Users\\andre\\AppData\\Local\\Temp\\rust_mozprofileSDODAl"
JavaScript error: resource://gre/modules/XULStore.jsm, line 66: Error: Can't find profile directory.
1597533538438	Marionette	INFO	Listening on port 60774
1597533538708	Marionette	WARN	TLS certificate errors will be ignored for this session
1597533550959	Marionette	INFO	Stopped listening on port 60774
[Parent 1284, Gecko_IOThread] WARNING: file /builds/worker/checkouts/gecko/ipc/chromium/src/base/process_util_win.cc, line 166
JavaScript error: , line 0: uncaught exception: undefined

###!!! [Child][RunMessage] Error: Channel closing: too late to send/recv, messages will be lost


###!!! [Child][MessageChannel::SendAndWait] Error: Channel error: cannot send/recv

1597533553317	geckodriver	INFO	Listening on 127.0.0.1:60953
1597533556404	mozrunner::runner	INFO	Running command: "C:\\Program Files\\Mozilla Firefox\\firefox.exe" "--marionette" "-foreground" "-no-remote" "-profile" "C:\\Users\\andre\\AppData\\Local\\Temp\\rust_mozprofileIuFskb"
JavaScript error: resource://gre/modules/XULStore.jsm, line 66: Error: Can't find profile directory.
1597533560591	Marionette	INFO	Listening on port 61027
1597533560736	Marionette	WARN	TLS certificate errors will be ignored for this session
1597533571047	Marionette	INFO	Stopped listening on port 61027
JavaScript error: , line 0: uncaught exception: undefined

###!!! [Child][RunMessage] Error: Channel closing: too late to send/recv, messages will be lost


###!!! [Child][MessageChannel::SendAndWait] Error: Channel error: cannot send/recv

1597533573550	geckodriver	INFO	Listening on 127.0.0.1:61189
1597533576633	mozrunner::runner	INFO	Running command: "C:\\Program Files\\Mozilla Firefox\\firefox.exe" "--marionette" "-foreground" "-no-remote" "-profile" "C:\\Users\\andre\\AppData\\Local\\Temp\\rust_mozprofilezFvSmr"
JavaScript error: resource://gre/modules/XULStore.jsm, line 66: Error: Can't find profile directory.
1597533580657	Marionette	INFO	Listening on port 61198
1597533580821	Marionette	WARN	TLS certificate errors will be ignored for this session
1597533593498	Marionette	INFO	Stopped listening on port 61198

###!!! [Child][RunMessage] Error: Channel closing: too late to send/recv, messages will be lost


###!!! [Child][MessageChannel::SendAndWait] Error: Channel error: cannot send/recv

1597533596499	geckodriver	INFO	Listening on 127.0.0.1:61357
1597533599575	mozrunner::runner	INFO	Running command: "C:\\Program Files\\Mozilla Firefox\\firefox.exe" "--marionette" "-foreground" "-no-remote" "-profile" "C:\\Users\\andre\\AppData\\Local\\Temp\\rust_mozprofilecnD4FU"
JavaScript error: resource://gre/modules/XULStore.jsm, line 66: Error: Can't find profile directory.
1597533602939	Marionette	INFO	Listening on port 61365
1597533603253	Marionette	WARN	TLS certificate errors will be ignored for this session
JavaScript error: https://www.investing.com/charts/advinion.php?version=6.3.1.0&domain_ID=1&lang_ID=1&timezone_ID=8&pair_ID=8827&interval=15M&majors=new_touch_pairs_forex, line 548: InternalError: too much recursion

###!!! [Child][RunMessage] Error: Channel closing: too late to send/recv, messages will be lost


###!!! [Child][MessageChannel] Error: (msgtype=0x39012D,name=PContent::Msg_ScriptError) Channel closing: too late to send/recv, messages will be lost


###!!! [Child][MessageChannel] Error: (msgtype=0xB40006,name=PWebSocket::Msg_DeleteSelf) Channel closing: too late to send/recv, messages will be lost


###!!! [Child][RunMessage] Error: Channel closing: too late to send/recv, messages will be lost


###!!! [Child][RunMessage] Error: Channel closing: too late to send/recv, messages will be lost


###!!! [Child][RunMessage] Error: Channel closing: too late to send/recv, messages will be lost


###!!! [Child][RunMessage] Error: Channel closing: too late to send/recv, messages will be lost


###!!! [Child][RunMessage] Error: Channel closing: too late to send/recv, messages will be lost


###!!! [Child][RunMessage] Error: Channel closing: too late to send/recv, messages will be lost

1597533614669	Marionette	INFO	Stopped listening on port 61365

###!!! [Child][RunMessage] Error: Channel closing: too late to send/recv, messages will be lost


###!!! [Child][MessageChannel::SendAndWait] Error: Channel error: cannot send/recv

1602451104656	geckodriver	INFO	Listening on 127.0.0.1:62751
1602451107708	mozrunner::runner	INFO	Running command: "C:\\Program Files\\Mozilla Firefox\\firefox.exe" "--marionette" "-headless" "-foreground" "-no-remote" "-profile" "C:\\Users\\andre\\AppData\\Local\\Temp\\rust_mozprofile2oFjGR"
*** You are running in headless mode.
JavaScript error: resource://gre/modules/XULStore.jsm, line 66: Error: Can't find profile directory.
1602451111509	Marionette	INFO	Listening on port 62759
1602451111901	Marionette	WARN	TLS certificate errors will be ignored for this session
1602451126085	geckodriver	INFO	Listening on 127.0.0.1:62917
1602451129128	mozrunner::runner	INFO	Running command: "C:\\Program Files\\Mozilla Firefox\\firefox.exe" "--marionette" "-headless" "-foreground" "-no-remote" "-profile" "C:\\Users\\andre\\AppData\\Local\\Temp\\rust_mozprofileJmL4Da"
*** You are running in headless mode.
JavaScript error: resource://gre/modules/XULStore.jsm, line 66: Error: Can't find profile directory.
1602451131453	Marionette	INFO	Listening on port 62932
1602451131766	Marionette	WARN	TLS certificate errors will be ignored for this session
1602451143717	geckodriver	INFO	Listening on 127.0.0.1:63082
1602451146753	mozrunner::runner	INFO	Running command: "C:\\Program Files\\Mozilla Firefox\\firefox.exe" "--marionette" "-headless" "-foreground" "-no-remote" "-profile" "C:\\Users\\andre\\AppData\\Local\\Temp\\rust_mozprofileKv3QGX"
*** You are running in headless mode.
JavaScript error: resource://gre/modules/XULStore.jsm, line 66: Error: Can't find profile directory.
1602451149382	Marionette	INFO	Listening on port 63097
1602451149409	Marionette	WARN	TLS certificate errors will be ignored for this session
JavaScript warning: https://pagead2.googlesyndication.com/bg1602451166232	mozrunner::runner	INFO	Running command: "C:\\Program Files\\Mozilla Firefox\\firefox.exe" "--marionette" "-headless" "-foreground" "-no-remote" "-profile" "C:\\Users\\andre\\AppData\\Local\\Temp\\rust_mozprofilenucu1O"
*** You are running in headless mode.
JavaScript error: resource://gre/modules/XULStore.jsm, line 66: Error: Can't find profile directory.
1602451169889	Marionette	INFO	Listening on port 63311
1602451169905	Marionette	WARN	TLS certificate errors will be ignored for this session
JavaScript warning: https://pagead2.googlesyndication.com/bg/CrE1yZ0XDC5ogwV0DdLcRYcLenmcbaA1q0bi-X3sD0w.js line 1 > eval line 1787 > eval, line 1: WebGL warning: <Create>: Can't use WebGL in headless mode (https://bugzil.la/1375585).
JavaScript warning: https://pagead2.googlesyndication.com/bg/CrE1yZ0XDC5ogwV0DdLcRYcLenmcbaA1q0bi-X3sD0w.js line 1 > eval line 1787 > eval, line 1: Failed to create WebGL context: WebGL creation failed: 
* Can't use WebGL in headless mode (https://bugzil.la/1375585).
JavaScript error: resource://gre/actors/PictureInPictureChild.jsm, line 114: InvalidStateError: An attempt was made to use an object that is not, or is no longer, usable
JavaScript error: resource://gre/actors/PictureInPictureChild.jsm, line 114: InvalidStateError: An attempt was made to use an object that is not, or is no longer, usable
1602451192030	geckodriver	INFO	Listening on 127.0.0.1:63590
1602451195094	mozrunner::runner	INFO	Running command: "C:\\Program Files\\Mozilla Firefox\\firefox.exe" "--marionette" "-headless" "-foreground" "-no-remote" "-profile" "C:\\Users\\andre\\AppData\\Local\\Temp\\rust_mozprofiledL9uZ1"
*** You are running in headless mode.
JavaScript error: resource://gre/modules/XULStore.jsm, line 66: Error: Can't find profile directory.
1602451198252	Marionette	INFO	Listening on port 63602
1602451198265	Marionette	WARN	TLS certificate errors will be ignored for this session
1602451286120	geckodriver	INFO	Listening on 127.0.0.1:63726
1602451289188	mozrunner::runner	INFO	Running command: "C:\\Program Files\\Mozilla Firefox\\firefox.exe" "--marionette" "-headless" "-foreground" "-no-remote" "-profile" "C:\\Users\\andre\\AppData\\Local\\Temp\\rust_mozprofileGX8vfM"
*** You are running in headless mode.
JavaScript error: resource://gre/modules/XULStore.jsm, line 66: Error: Can't find profile directory.
1602451291773	Marionette	INFO	Listening on port 63735
1602451291833	Marionette	WARN	TLS certificate errors will be ignored for this session
1602451303927	geckodriver	INFO	Listening on 127.0.0.1:63881
1602451306997	mozrunner::runner	INFO	Running command: "C:\\Program Files\\Mozilla Firefox\\firefox.exe" "--marionette" "-headless" "-foreground" "-no-remote" "-profile" "C:\\Users\\andre\\AppData\\Local\\Temp\\rust_mozprofileIQvYuw"
*** You are running in headless mode.
JavaScript error: resource://gre/modules/XULStore.jsm, line 66: Error: Can't find profile directory.
1602451309283	Marionette	INFO	Listening on port 63898
1602451309681	Marionette	WARN	TLS certificate errors will be ignored for this session
1602451321895	geckodriver	INFO	Listening on 127.0.0.1:64043
1602451324945	mozrunner::runner	INFO	Running command: "C:\\Program Files\\Mozilla Firefox\\firefox.exe" "--marionette" "-headless" "-foreground" "-no-remote" "-profile" "C:\\Users\\andre\\AppData\\Local\\Temp\\rust_mozprofileaedd2g"
*** You are running in headless mode.
JavaScript error: resource://gre/modules/XULStore.jsm, line 66: Error: Can't find profile directory.
1602451327313	Marionette	INFO	Listening on port 64062
1602451327614	Marionette	WARN	TLS certificate errors will be ignored for this session
1602451340695	geckodriver	INFO	Listening on 127.0.0.1:64212
1602451343759	mozrunner::runner	INFO	Running command: "C:\\Program Files\\Mozilla Firefox\\firefox.exe" "--marionette" "-headless" "-foreground" "-no-remote" "-profile" "C:\\Users\\andre\\AppData\\Local\\Temp\\rust_mozprofilewnqUo5"
*** You are running in headless mode.
1602451402828	geckodriver	INFO	Listening on 127.0.0.1:64248
1602451405888	mozrunner::runner	INFO	Running command: "C:\\Program Files\\Mozilla Firefox\\firefox.exe" "--marionette" "-headless" "-foreground" "-no-remote" "-profile" "C:\\Users\\andre\\AppData\\Local\\Temp\\rust_mozprofile1ks7qJ"
*** You are running in headless mode.
JavaScript error: resource://gre/modules/XULStore.jsm, line 66: Error: Can't find profile directory.
1602451408161	Marionette	INFO	Listening on port 64257
1602451408576	Marionette	WARN	TLS certificate errors will be ignored for this session
1602451457959	geckodriver	INFO	Listening on 127.0.0.1:64568
1602451461034	mozrunner::runner	INFO	Running command: "C:\\Program Files\\Mozilla Firefox\\firefox.exe" "--marionette" "-headless" "-foreground" "-no-remote" "-profile" "C:\\Users\\andre\\AppData\\Local\\Temp\\rust_mozprofilebEMR9f"
*** You are running in headless mode.
JavaScript error: resource://gre/modules/XULStore.jsm, line 66: Error: Can't find profile directory.
1602451463478	Marionette	INFO	Listening on port 64576
1602451463715	Marionette	WARN	TLS certificate errors will be ignored for this session
1602451692065	geckodriver	INFO	Listening on 127.0.0.1:65227
1602451695193	mozrunner::runner	INFO	Running command: "C:\\Program Files\\Mozilla Firefox\\firefox.exe" "--marionette" "-headless" "-foreground" "-no-remote" "-profile" "C:\\Users\\andre\\AppData\\Local\\Temp\\rust_mozprofileiPUBSu"
*** You are running in headless mode.
JavaScript error: resource://gre/modules/XULStore.jsm, line 66: Error: Can't find profile directory.
1602451699441	Marionette	INFO	Listening on port 65240
1602451699499	Marionette	WARN	TLS certificate errors will be ignored for this session
JavaScript error: https://00f120741daaed60f8c78767a9d86a5c.safeframe.googlesyndication.com/safeframe/1-0-37/html/container.html, line 3: ReferenceError: r3px is not defined
JavaScript error: https://00f120741daaed60f8c78767a9d86a5c.safeframe.googlesyndication.com/safeframe/1-0-37/html/container.html, line 8: ReferenceError: r3px is not defined
JavaScript error: resource://gre/actors/PictureInPictureChild.jsm, line 114: InvalidStateError: An attempt was made to use an object that is not, or is no longer, usable
JavaScript warning: https://pagead2.googlesyndication.com/bg/CrE1yZ0XDC5ogwV0DdLcRYcLenmcbaA1q0bi-X3sD0w.js line 1 > eval line 4679 > eval line 1 > eval, line 1: WebGL warning: <Create>: Can't use WebGL in headless mode (https://bugzil.la/1375585).
JavaScript warning: https://pagead2.googlesyndication.com/bg/CrE1yZ0XDC5ogwV0DdLcRYcLenmcbaA1q0bi-X3sD0w.js line 1 > eval line 4679 > eval line 1 > eval, line 1: Failed to create WebGL context: WebGL creation failed: 
* Can't use WebGL in headless mode (https://bugzil.la/1375585).
JavaScript error: resource://gre/actors/PictureInPictureChild.jsm, line 114: InvalidStateError: An attempt was made to use an object that is not, or is no longer, usable
JavaScript error: https://b8ba5318717d1f11700a6ec7e32020bc.safeframe.googlesyndication.com/safeframe/1-0-37/html/container.html, line 3: ReferenceError: r3px is not defined
JavaScript error: https://b8ba5318717d1f11700a6ec7e32020bc.safeframe.googlesyndication.com/safeframe/1-0-37/html/container.html, line 8: ReferenceError: buildAttribution is not defined
1602451781529	geckodriver	INFO	Listening on 127.0.0.1:49350
1602451784604	mozrunner::runner	INFO	Running command: "C:\\Program Files\\Mozilla Firefox\\firefox.exe" "--marionette" "-headless" "-foreground" "-no-remote" "-profile" "C:\\Users\\andre\\AppData\\Local\\Temp\\rust_mozprofile9lV2Yz"
*** You are running in headless mode.
JavaScript error: resource://gre/modules/XULStore.jsm, line 66: Error: Can't find profile directory.
1602451789311	Marionette	INFO	Listening on port 49360
1602451789517	Marionette	WARN	TLS certificate errors will be ignored for this session
JavaScript error: , line 0: uncaught exception: undefined
JavaScript error: resource://gre/actors/PictureInPictureChild.jsm, line 114: InvalidStateError: An attempt was made to use an object that is not, or is no longer, usable
JavaScript error: resource://gre/actors/PictureInPictureChild.jsm, line 114: InvalidStateError: An attempt was made to use an object that is not, or is no longer, usable
JavaScript error: , line 0: uncaught exception: undefined
JavaScript error: resource://gre/actors/PictureInPictureChild.jsm, line 114: InvalidStateError: An attempt was made to use an object that is not, or is no longer, usable
JavaScript error: resource://gre/actors/PictureInPictureChild.jsm, line 114: InvalidStateError: An attempt was made to use an object that is not, or is no longer, usable
JavaScript error: resource://gre/actors/PictureInPictureChild.jsm, line 114: InvalidStateError: An attempt was made to use an object that is not, or is no longer, usable
JavaScript error: resource://gre/actors/PictureInPictureChild.jsm, line 114: InvalidStateError: An attempt was made to use an object that is not, or is no longer, usable
1602451869209	geckodriver	INFO	Listening on 127.0.0.1:49908
1602451872300	mozrunner::runner	INFO	Running command: "C:\\Program Files\\Mozilla Firefox\\firefox.exe" "--marionette" "-foreground" "-no-remote" "-profile" "C:\\Users\\andre\\AppData\\Local\\Temp\\rust_mozprofiles5ip63"
JavaScript error: resource://gre/modules/XULStore.jsm, line 66: Error: Can't find profile directory.
1602451881811	Marionette	INFO	Listening on port 49919
1602451882268	Marionette	WARN	TLS certificate errors will be ignored for this session

###!!! [Child][MessageChannel] Error: (msgtype=0x3900C2,name=PContent::Msg_ScriptErrorWithStack) Channel closing: too late to send/recv, messages will be lost


###!!! [Child][MessageChannel] Error: (msgtype=0x3900C2,name=PContent::Msg_ScriptErrorWithStack) Channel closing: too late to send/recv, messages will be lost


###!!! [Child][MessageChannel] Error: (msgtype=0x3900C2,name=PContent::Msg_ScriptErrorWithStack) Channel closing: too late to send/recv, messages will be lost


###!!! [Child][MessageChannel] Error: (msgtype=0x3900C2,name=PContent::Msg_ScriptErrorWithStack) Channel closing: too late to send/recv, messages will be lost


###!!! [Child][MessageChannel] Error: (msgtype=0x3900C2,name=PContent::Msg_ScriptErrorWithStack) Channel closing: too late to send/recv, messages will be lost

JavaScript error: , line 0: uncaught exception: undefined
JavaScript error: resource://gre/actors/PictureInPictureChild.jsm, line 114: InvalidStateError: An attempt was made to use an object that is not, or is no longer, usable
JavaScript error: resource://gre/actors/PictureInPictureChild.jsm, line 114: InvalidStateError: An attempt was made to use an object that is not, or is no longer, usable
1602452104292	geckodriver	INFO	Listening on 127.0.0.1:57320
1602452107328	mozrunner::runner	INFO	Running command: "C:\\Program Files\\Mozilla Firefox\\firefox.exe" "--marionette" "-foreground" "-no-remote" "-profile" "C:\\Users\\andre\\AppData\\Local\\Temp\\rust_mozprofileI5cqUq"
JavaScript error: resource://gre/modules/XULStore.jsm, line 66: Error: Can't find profile directory.
1602452111008	Marionette	INFO	Listening on port 57333
1602452111017	Marionette	WARN	TLS certificate errors will be ignored for this session
1602452303941	geckodriver	INFO	Listening on 127.0.0.1:57727
1602452307023	mozrunner::runner	INFO	Running command: "C:\\Program Files\\Mozilla Firefox\\firefox.exe" "--marionette" "-foreground" "-no-remote" "-profile" "C:\\Users\\andre\\AppData\\Local\\Temp\\rust_mozprofile4Ci1SR"
JavaScript error: resource://gre/modules/XULStore.jsm, line 66: Error: Can't find profile directory.
1602452310476	Marionette	INFO	Listening on port 57735
1602452310690	Marionette	WARN	TLS certificate errors will be ignored for this session
1602511841819	geckodriver	INFO	Listening on 127.0.0.1:59651
1602511844944	mozrunner::runner	INFO	Running command: "C:\\Program Files\\Mozilla Firefox\\firefox.exe" "--marionette" "-foreground" "-no-remote" "-profile" "C:\\Users\\andre\\AppData\\Local\\Temp\\rust_mozprofileVVUrKr"
JavaScript error: resource://gre/modules/XULStore.jsm, line 66: Error: Can't find profile directory.
1602511850619	Marionette	INFO	Listening on port 59661
1602511850797	Marionette	WARN	TLS certificate errors will be ignored for this session
1602511879187	geckodriver	INFO	Listening on 127.0.0.1:59826
1602511882240	mozrunner::runner	INFO	Running command: "C:\\Program Files\\Mozilla Firefox\\firefox.exe" "--marionette" "-foreground" "-no-remote" "-profile" "C:\\Users\\andre\\AppData\\Local\\Temp\\rust_mozprofiledAYYqe"
JavaScript error: resource://gre/modules/XULStore.jsm, line 66: Error: Can't find profile directory.
1602511885987	Marionette	INFO	Listening on port 59834
1602511886386	Marionette	WARN	TLS certificate errors will be ignored for this session
1602511921184	geckodriver	INFO	Listening on 127.0.0.1:59949
1602511924289	mozrunner::runner	INFO	Running command: "C:\\Program Files\\Mozilla Firefox\\firefox.exe" "--marionette" "-foreground" "-no-remote" "-profile" "C:\\Users\\andre\\AppData\\Local\\Temp\\rust_mozprofilenpBGZ3"
JavaScript error: resource://gre/modules/XULStore.jsm, line 66: Error: Can't find profile directory.
1602511928235	Marionette	INFO	Listening on port 59957
1602511928465	Marionette	WARN	TLS certificate errors will be ignored for this session
1602512300891	geckodriver	INFO	Listening on 127.0.0.1:60187
1602512303934	mozrunner::runner	INFO	Running command: "C:\\Program Files\\Mozilla Firefox\\firefox.exe" "--marionette" "-foreground" "-no-remote" "-profile" "C:\\Users\\andre\\AppData\\Local\\Temp\\rust_mozprofileyvC0c1"
JavaScript error: resource://gre/modules/XULStore.jsm, line 66: Error: Can't find profile directory.
1602512307716	Marionette	INFO	Listening on port 60196
1602512308119	Marionette	WARN	TLS certificate errors will be ignored for this session
1602512383028	geckodriver	INFO	Listening on 127.0.0.1:60374
1602512386102	mozrunner::runner	INFO	Running command: "C:\\Program Files\\Mozilla Firefox\\firefox.exe" "--marionette" "-foreground" "-no-remote" "-profile" "C:\\Users\\andre\\AppData\\Local\\Temp\\rust_mozprofileRhmqSF"
1602512428078	geckodriver	INFO	Listening on 127.0.0.1:60400
1602512431176	mozrunner::runner	INFO	Running command: "C:\\Program Files\\Mozilla Firefox\\firefox.exe" "--marionette" "-foreground" "-no-remote" "-profile" "C:\\Users\\andre\\AppData\\Local\\Temp\\rust_mozprofileQLhmpm"
JavaScript error: resource://gre/modules/XULStore.jsm, line 66: Error: Can't find profile directory.
1602512435065	Marionette	INFO	Listening on port 60408
1602512435390	Marionette	WARN	TLS certificate errors will be ignored for this session
1602512545348	geckodriver	INFO	Listening on 127.0.0.1:60610
1602512548411	mozrunner::runner	INFO	Running command: "C:\\Program Files\\Mozilla Firefox\\firefox.exe" "--marionette" "-foreground" "-no-remote" "-profile" "C:\\Users\\andre\\AppData\\Local\\Temp\\rust_mozprofileSf3b6k"
JavaScript error: resource://gre/modules/XULStore.jsm, line 66: Error: Can't find profile directory.
1602512552030	Marionette	INFO	Listening on port 60619
1602512552075	Marionette	WARN	TLS certificate errors will be ignored for this session
1602512616149	geckodriver	INFO	Listening on 127.0.0.1:60968
1602512619190	mozrunner::runner	INFO	Running command: "C:\\Program Files\\Mozilla Firefox\\firefox.exe" "--marionette" "-foreground" "-no-remote" "-profile" "C:\\Users\\andre\\AppData\\Local\\Temp\\rust_mozprofiler1oV6N"
JavaScript error: resource://gre/modules/XULStore.jsm, line 66: Error: Can't find profile directory.
1602512622609	Marionette	INFO	Listening on port 60976
1602512622839	Marionette	WARN	TLS certificate errors will be ignored for this session
1602512762303	geckodriver	INFO	Listening on 127.0.0.1:62225
1602512765359	mozrunner::runner	INFO	Running command: "C:\\Program Files\\Mozilla Firefox\\firefox.exe" "--marionette" "-foreground" "-no-remote" "-profile" "C:\\Users\\andre\\AppData\\Local\\Temp\\rust_mozprofile0JEnqg"
JavaScript error: resource://gre/modules/XULStore.jsm, line 66: Error: Can't find profile directory.
1602512768602	Marionette	INFO	Listening on port 62234
1602512769037	Marionette	WARN	TLS certificate errors will be ignored for this session
1602515277345	geckodriver	INFO	Listening on 127.0.0.1:65105
1602515280427	mozrunner::runner	INFO	Running command: "C:\\Program Files\\Mozilla Firefox\\firefox.exe" "--marionette" "-foreground" "-no-remote" "-profile" "C:\\Users\\andre\\AppData\\Local\\Temp\\rust_mozprofileIO24i1"
1602515325781	geckodriver	INFO	Listening on 127.0.0.1:65155
1602515328857	mozrunner::runner	INFO	Running command: "C:\\Program Files\\Mozilla Firefox\\firefox.exe" "--marionette" "-foreground" "-no-remote" "-profile" "C:\\Users\\andre\\AppData\\Local\\Temp\\rust_mozprofile3pK8HF"
Can't find symbol 'eglSwapBuffersWithDamageEXT'.
JavaScript error: resource://gre/modules/XULStore.jsm, line 66: Error: Can't find profile directory.
console.error: SearchCache: "_readCacheFile: Error reading cache file:" (new Error("", "(unknown module)"))
1602515332595	Marionette	INFO	Listening on port 65164
1602515333095	Marionette	WARN	TLS certificate errors will be ignored for this session
JavaScript error: https://ui.powerreviews.com/stable/4.0/ui.js, line 5: URIError: malformed URI sequence
JavaScript error: https://www.nike.com.br/Produto/Avaliacao/?Tipo=display&codigo=CZ1524&foto=256080_2517736_20200917172309.jpg&nome=T%EAnis%20Nike%20Air%20Force%201%20Masculino&preco=599.99, line 2: ReferenceError: POWERREVIEWS is not defined
Can't find symbol 'eglSwapBuffersWithDamageEXT'.
JavaScript warning: https://app.shoptarget.com.br/js/reengage_legacy.js, line 1: unreachable code after return statement
JavaScript warning: https://app.shoptarget.com.br/js/reengage_legacy.js, line 1: unreachable code after return statement
1602515400054	geckodriver	INFO	Listening on 127.0.0.1:65392
1602515403138	mozrunner::runner	INFO	Running command: "C:\\Program Files\\Mozilla Firefox\\firefox.exe" "--marionette" "-foreground" "-no-remote" "-profile" "C:\\Users\\andre\\AppData\\Local\\Temp\\rust_mozprofileA6ndGY"
Can't find symbol 'eglSwapBuffersWithDamageEXT'.
JavaScript error: resource://gre/modules/XULStore.jsm, line 66: Error: Can't find profile directory.
console.error: SearchCache: "_readCacheFile: Error reading cache file:" (new Error("", "(unknown module)"))
1602515407477	Marionette	INFO	Listening on port 65400
1602515407941	Marionette	WARN	TLS certificate errors will be ignored for this session
JavaScript error: https://ui.powerreviews.com/stable/4.0/ui.js, line 5: URIError: malformed URI sequence
JavaScript error: https://www.nike.com.br/Produto/Avaliacao/?Tipo=display&codigo=CZ1524&foto=256080_2517736_20200917172309.jpg&nome=T%EAnis%20Nike%20Air%20Force%201%20Masculino&preco=599.99, line 2: ReferenceError: POWERREVIEWS is not defined
Can't find symbol 'eglSwapBuffersWithDamageEXT'.
JavaScript warning: https://app.shoptarget.com.br/js/reengage_legacy.js, line 1: unreachable code after return statement
JavaScript warning: https://app.shoptarget.com.br/js/reengage_legacy.js, line 1: unreachable code after return statement
1602515455738	geckodriver	INFO	Listening on 127.0.0.1:49391
1602515458816	mozrunner::runner	INFO	Running command: "C:\\Program Files\\Mozilla Firefox\\firefox.exe" "--marionette" "-foreground" "-no-remote" "-profile" "C:\\Users\\andre\\AppData\\Local\\Temp\\rust_mozprofileNzFESd"
Can't find symbol 'eglSwapBuffersWithDamageEXT'.
JavaScript error: resource://gre/modules/XULStore.jsm, line 66: Error: Can't find profile directory.
console.error: SearchCache: "_readCacheFile: Error reading cache file:" (new Error("", "(unknown module)"))
1602515462887	Marionette	INFO	Listening on port 49400
1602515462998	Marionette	WARN	TLS certificate errors will be ignored for this session
JavaScript error: https://ui.powerreviews.com/stable/4.0/ui.js, line 5: URIError: malformed URI sequence
JavaScript error: https://www.nike.com.br/Produto/Avaliacao/?Tipo=display&codigo=CZ1524&foto=256080_2517736_20200917172309.jpg&nome=T%EAnis%20Nike%20Air%20Force%201%20Masculino&preco=599.99, line 2: ReferenceError: POWERREVIEWS is not defined
Can't find symbol 'eglSwapBuffersWithDamageEXT'.
JavaScript warning: https://app.shoptarget.com.br/js/reengage_legacy.js, line 1: unreachable code after return statement
JavaScript warning: https://app.shoptarget.com.br/js/reengage_legacy.js, line 1: unreachable code after return statement
1602515777311	geckodriver	INFO	Listening on 127.0.0.1:49851
1602515780408	mozrunner::runner	INFO	Running command: "C:\\Program Files\\Mozilla Firefox\\firefox.exe" "--marionette" "-foreground" "-no-remote" "-profile" "C:\\Users\\andre\\AppData\\Local\\Temp\\rust_mozprofilecvmM8t"
Can't find symbol 'eglSwapBuffersWithDamageEXT'.
JavaScript error: resource://gre/modules/XULStore.jsm, line 66: Error: Can't find profile directory.
console.error: SearchCache: "_readCacheFile: Error reading cache file:" (new Error("", "(unknown module)"))
1602515784462	Marionette	INFO	Listening on port 49861
1602515784564	Marionette	WARN	TLS certificate errors will be ignored for this session
JavaScript error: https://ui.powerreviews.com/stable/4.0/ui.js, line 5: URIError: malformed URI sequence
JavaScript error: https://www.nike.com.br/Produto/Avaliacao/?Tipo=display&codigo=CZ1524&foto=256080_2517736_20200917172309.jpg&nome=T%EAnis%20Nike%20Air%20Force%201%20Masculino&preco=599.99, line 2: ReferenceError: POWERREVIEWS is not defined
Can't find symbol 'eglSwapBuffersWithDamageEXT'.
JavaScript warning: https://app.shoptarget.com.br/js/reengage_legacy.js, line 1: unreachable code after return statement
JavaScript warning: https://app.shoptarget.com.br/js/reengage_legacy.js, line 1: unreachable code after return statement
1602789791267	geckodriver	INFO	Listening on 127.0.0.1:63320
1602789794298	mozrunner::runner	INFO	Running command: "C:\\Program Files\\Mozilla Firefox\\firefox.exe" "--marionette" "-foreground" "-no-remote" "-profile" "C:\\Users\\Andre\\AppData\\Local\\Temp\\rust_mozprofileVgqMcy"
JavaScript error: resource://gre/modules/XULStore.jsm, line 66: Error: Can't find profile directory.
console.error: SearchCache: "_readCacheFile: Error reading cache file:" (new Error("", "(unknown module)"))
1602789796808	Marionette	INFO	Listening on port 63329
1602789796967	Marionette	WARN	TLS certificate errors will be ignored for this session
1602789801488	Marionette	INFO	Stopped listening on port 63329

###!!! [Child][RunMessage] Error: Channel closing: too late to send/recv, messages will be lost


###!!! [Child][MessageChannel::SendAndWait] Error: Channel error: cannot send/recv

1602789802206	geckodriver	INFO	Listening on 127.0.0.1:63446
1602789805233	mozrunner::runner	INFO	Running command: "C:\\Program Files\\Mozilla Firefox\\firefox.exe" "--marionette" "-foreground" "-no-remote" "-profile" "C:\\Users\\Andre\\AppData\\Local\\Temp\\rust_mozprofile8V8puZ"
JavaScript error: resource://gre/modules/XULStore.jsm, line 66: Error: Can't find profile directory.
console.error: SearchCache: "_readCacheFile: Error reading cache file:" (new Error("", "(unknown module)"))
1602789806968	Marionette	INFO	Listening on port 63454
1602789807281	Marionette	WARN	TLS certificate errors will be ignored for this session
1602789810897	Marionette	INFO	Stopped listening on port 63454

###!!! [Child][RunMessage] Error: Channel closing: too late to send/recv, messages will be lost


###!!! [Child][MessageChannel::SendAndWait] Error: Channel error: cannot send/recv

1602789811552	geckodriver	INFO	Listening on 127.0.0.1:63564
1602789814579	mozrunner::runner	INFO	Running command: "C:\\Program Files\\Mozilla Firefox\\firefox.exe" "--marionette" "-foreground" "-no-remote" "-profile" "C:\\Users\\Andre\\AppData\\Local\\Temp\\rust_mozprofilePSb6Tw"
JavaScript error: resource://gre/modules/XULStore.jsm, line 66: Error: Can't find profile directory.
console.error: SearchCache: "_readCacheFile: Error reading cache file:" (new Error("", "(unknown module)"))
1602789816327	Marionette	INFO	Listening on port 63573
1602789816618	Marionette	WARN	TLS certificate errors will be ignored for this session
JavaScript error: https://i-invdn-com.akamaized.net/js/jquery-6.4.9.04.min.js, line 2: NS_ERROR_NOT_INITIALIZED: 
1602789818396	Marionette	INFO	Stopped listening on port 63573

###!!! [Child][RunMessage] Error: Channel closing: too late to send/recv, messages will be lost


###!!! [Child][MessageChannel::SendAndWait] Error: Channel error: cannot send/recv

1602790538429	geckodriver	INFO	Listening on 127.0.0.1:63850
1602790616063	geckodriver	INFO	Listening on 127.0.0.1:63886
1602790877381	geckodriver	INFO	Listening on 127.0.0.1:55877
1602790880418	mozrunner::runner	INFO	Running command: "C:\\Program Files\\Mozilla Firefox\\firefox.exe" "--marionette" "-foreground" "-no-remote" "-profile" "C:\\Users\\Andre\\AppData\\Local\\Temp\\rust_mozprofileDpGeu0"
JavaScript error: resource://gre/modules/XULStore.jsm, line 66: Error: Can't find profile directory.
console.error: SearchCache: "_readCacheFile: Error reading cache file:" (new Error("", "(unknown module)"))
1602790882187	Marionette	INFO	Listening on port 55885
1602790882454	Marionette	WARN	TLS certificate errors will be ignored for this session
1602790927899	geckodriver	INFO	Listening on 127.0.0.1:56146
1602790930923	mozrunner::runner	INFO	Running command: "C:\\Program Files\\Mozilla Firefox\\firefox.exe" "--marionette" "-foreground" "-no-remote" "-profile" "C:\\Users\\Andre\\AppData\\Local\\Temp\\rust_mozprofilelpfskD"
JavaScript error: resource://gre/modules/XULStore.jsm, line 66: Error: Can't find profile directory.
console.error: SearchCache: "_readCacheFile: Error reading cache file:" (new Error("", "(unknown module)"))
1602790932666	Marionette	INFO	Listening on port 56154
1602790932955	Marionette	WARN	TLS certificate errors will be ignored for this session
1602791013178	geckodriver	INFO	Listening on 127.0.0.1:56429
1602791016216	mozrunner::runner	INFO	Running command: "C:\\Program Files\\Mozilla Firefox\\firefox.exe" "--marionette" "-foreground" "-no-remote" "-profile" "C:\\Users\\Andre\\AppData\\Local\\Temp\\rust_mozprofilejxAOpW"
JavaScript error: resource://gre/modules/XULStore.jsm, line 66: Error: Can't find profile directory.
console.error: SearchCache: "_readCacheFile: Error reading cache file:" (new Error("", "(unknown module)"))
1602791017889	Marionette	INFO	Listening on port 56442
1602791018247	Marionette	WARN	TLS certificate errors will be ignored for this session
1602791092393	geckodriver	INFO	Listening on 127.0.0.1:56732
1602791095419	mozrunner::runner	INFO	Running command: "C:\\Program Files\\Mozilla Firefox\\firefox.exe" "--marionette" "-foreground" "-no-remote" "-profile" "C:\\Users\\Andre\\AppData\\Local\\Temp\\rust_mozprofileKTy3iN"
JavaScript error: resource://gre/modules/XULStore.jsm, line 66: Error: Can't find profile directory.
console.error: SearchCache: "_readCacheFile: Error reading cache file:" (new Error("", "(unknown module)"))
1602791097079	Marionette	INFO	Listening on port 56743
1602791097462	Marionette	WARN	TLS certificate errors will be ignored for this session
1602791232920	geckodriver	INFO	Listening on 127.0.0.1:57121
1602791235960	mozrunner::runner	INFO	Running command: "C:\\Program Files\\Mozilla Firefox\\firefox.exe" "--marionette" "-foreground" "-no-remote" "-profile" "C:\\Users\\Andre\\AppData\\Local\\Temp\\rust_mozprofileEOBKzN"
JavaScript error: resource://gre/modules/XULStore.jsm, line 66: Error: Can't find profile directory.
console.error: SearchCache: "_readCacheFile: Error reading cache file:" (new Error("", "(unknown module)"))
1602791237625	Marionette	INFO	Listening on port 57129
1602791237992	Marionette	WARN	TLS certificate errors will be ignored for this session
1602791988271	geckodriver	INFO	Listening on 127.0.0.1:57830
1602791991308	mozrunner::runner	INFO	Running command: "C:\\Program Files\\Mozilla Firefox\\firefox.exe" "--marionette" "-foreground" "-no-remote" "-profile" "C:\\Users\\Andre\\AppData\\Local\\Temp\\rust_mozprofile2EZCue"
JavaScript error: resource://gre/modules/XULStore.jsm, line 66: Error: Can't find profile directory.
console.error: SearchCache: "_readCacheFile: Error reading cache file:" (new Error("", "(unknown module)"))
1602791993124	Marionette	INFO	Listening on port 57840
1602791993344	Marionette	WARN	TLS certificate errors will be ignored for this session
